Copyright 1986-2022 Xilinx, Inc. All Rights Reserved. Copyright 2022-2023 Advanced Micro Devices, Inc. All Rights Reserved.
---------------------------------------------------------------------------------------------------------------------------------------------
| Tool Version : Vivado v.2023.2 (win64) Build 4029153 Fri Oct 13 20:14:34 MDT 2023
| Date         : Tue Oct 31 08:50:04 2023
| Host         : Medion running 64-bit major release  (build 9200)
| Command      : upgrade_ip
| Device       : xc7a100tcsg324-3
---------------------------------------------------------------------------------------------------------------------------------------------

Upgrade Log for IP 'Sumador'

1. Summary
----------

SUCCESS in the upgrade of Sumador (xilinx.com:ip:c_addsub:12.0) from (Rev. 14) to (Rev. 16)






Copyright 1986-2022 Xilinx, Inc. All Rights Reserved. Copyright 2022-2023 Advanced Micro Devices, Inc. All Rights Reserved.
---------------------------------------------------------------------------------------------------------------------------------------------
| Tool Version : Vivado v.2023.2 (win64) Build 4029153 Fri Oct 13 20:14:34 MDT 2023
| Date         : Tue Oct 31 08:50:02 2023
| Host         : Medion running 64-bit major release  (build 9200)
| Command      : upgrade_ip
| Device       : xc7a100tcsg324-3
---------------------------------------------------------------------------------------------------------------------------------------------

Upgrade Log for IP 'Mem_ROM_9'

1. Summary
----------

SUCCESS in the upgrade of Mem_ROM_9 (xilinx.com:ip:blk_mem_gen:8.4) from (Rev. 5) to (Rev. 7)






Copyright 1986-2022 Xilinx, Inc. All Rights Reserved. Copyright 2022-2023 Advanced Micro Devices, Inc. All Rights Reserved.
---------------------------------------------------------------------------------------------------------------------------------------------
| Tool Version : Vivado v.2023.2 (win64) Build 4029153 Fri Oct 13 20:14:34 MDT 2023
| Date         : Tue Oct 31 08:49:58 2023
| Host         : Medion running 64-bit major release  (build 9200)
| Command      : upgrade_ip
| Device       : xc7a100tcsg324-3
---------------------------------------------------------------------------------------------------------------------------------------------

Upgrade Log for IP 'Mem_ROM_8'

1. Summary
----------

SUCCESS in the upgrade of Mem_ROM_8 (xilinx.com:ip:blk_mem_gen:8.4) from (Rev. 5) to (Rev. 7)






Copyright 1986-2022 Xilinx, Inc. All Rights Reserved. Copyright 2022-2023 Advanced Micro Devices, Inc. All Rights Reserved.
---------------------------------------------------------------------------------------------------------------------------------------------
| Tool Version : Vivado v.2023.2 (win64) Build 4029153 Fri Oct 13 20:14:34 MDT 2023
| Date         : Tue Oct 31 08:49:54 2023
| Host         : Medion running 64-bit major release  (build 9200)
| Command      : upgrade_ip
| Device       : xc7a100tcsg324-3
---------------------------------------------------------------------------------------------------------------------------------------------

Upgrade Log for IP 'Mem_ROM_7'

1. Summary
----------

SUCCESS in the upgrade of Mem_ROM_7 (xilinx.com:ip:blk_mem_gen:8.4) from (Rev. 5) to (Rev. 7)






Copyright 1986-2022 Xilinx, Inc. All Rights Reserved. Copyright 2022-2023 Advanced Micro Devices, Inc. All Rights Reserved.
---------------------------------------------------------------------------------------------------------------------------------------------
| Tool Version : Vivado v.2023.2 (win64) Build 4029153 Fri Oct 13 20:14:34 MDT 2023
| Date         : Tue Oct 31 08:49:50 2023
| Host         : Medion running 64-bit major release  (build 9200)
| Command      : upgrade_ip
| Device       : xc7a100tcsg324-3
---------------------------------------------------------------------------------------------------------------------------------------------

Upgrade Log for IP 'Mem_ROM_6'

1. Summary
----------

SUCCESS in the upgrade of Mem_ROM_6 (xilinx.com:ip:blk_mem_gen:8.4) from (Rev. 5) to (Rev. 7)






Copyright 1986-2022 Xilinx, Inc. All Rights Reserved. Copyright 2022-2023 Advanced Micro Devices, Inc. All Rights Reserved.
---------------------------------------------------------------------------------------------------------------------------------------------
| Tool Version : Vivado v.2023.2 (win64) Build 4029153 Fri Oct 13 20:14:34 MDT 2023
| Date         : Tue Oct 31 08:49:47 2023
| Host         : Medion running 64-bit major release  (build 9200)
| Command      : upgrade_ip
| Device       : xc7a100tcsg324-3
---------------------------------------------------------------------------------------------------------------------------------------------

Upgrade Log for IP 'Mem_ROM_5'

1. Summary
----------

SUCCESS in the upgrade of Mem_ROM_5 (xilinx.com:ip:blk_mem_gen:8.4) from (Rev. 5) to (Rev. 7)






Copyright 1986-2022 Xilinx, Inc. All Rights Reserved. Copyright 2022-2023 Advanced Micro Devices, Inc. All Rights Reserved.
---------------------------------------------------------------------------------------------------------------------------------------------
| Tool Version : Vivado v.2023.2 (win64) Build 4029153 Fri Oct 13 20:14:34 MDT 2023
| Date         : Tue Oct 31 08:49:43 2023
| Host         : Medion running 64-bit major release  (build 9200)
| Command      : upgrade_ip
| Device       : xc7a100tcsg324-3
---------------------------------------------------------------------------------------------------------------------------------------------

Upgrade Log for IP 'Mem_ROM_4'

1. Summary
----------

SUCCESS in the upgrade of Mem_ROM_4 (xilinx.com:ip:blk_mem_gen:8.4) from (Rev. 5) to (Rev. 7)






Copyright 1986-2022 Xilinx, Inc. All Rights Reserved. Copyright 2022-2023 Advanced Micro Devices, Inc. All Rights Reserved.
---------------------------------------------------------------------------------------------------------------------------------------------
| Tool Version : Vivado v.2023.2 (win64) Build 4029153 Fri Oct 13 20:14:34 MDT 2023
| Date         : Tue Oct 31 08:49:39 2023
| Host         : Medion running 64-bit major release  (build 9200)
| Command      : upgrade_ip
| Device       : xc7a100tcsg324-3
---------------------------------------------------------------------------------------------------------------------------------------------

Upgrade Log for IP 'Mem_ROM_3'

1. Summary
----------

SUCCESS in the upgrade of Mem_ROM_3 (xilinx.com:ip:blk_mem_gen:8.4) from (Rev. 5) to (Rev. 7)






Copyright 1986-2022 Xilinx, Inc. All Rights Reserved. Copyright 2022-2023 Advanced Micro Devices, Inc. All Rights Reserved.
---------------------------------------------------------------------------------------------------------------------------------------------
| Tool Version : Vivado v.2023.2 (win64) Build 4029153 Fri Oct 13 20:14:34 MDT 2023
| Date         : Tue Oct 31 08:49:35 2023
| Host         : Medion running 64-bit major release  (build 9200)
| Command      : upgrade_ip
| Device       : xc7a100tcsg324-3
---------------------------------------------------------------------------------------------------------------------------------------------

Upgrade Log for IP 'Mem_ROM_2'

1. Summary
----------

SUCCESS in the upgrade of Mem_ROM_2 (xilinx.com:ip:blk_mem_gen:8.4) from (Rev. 5) to (Rev. 7)






Copyright 1986-2022 Xilinx, Inc. All Rights Reserved. Copyright 2022-2023 Advanced Micro Devices, Inc. All Rights Reserved.
---------------------------------------------------------------------------------------------------------------------------------------------
| Tool Version : Vivado v.2023.2 (win64) Build 4029153 Fri Oct 13 20:14:34 MDT 2023
| Date         : Tue Oct 31 08:49:31 2023
| Host         : Medion running 64-bit major release  (build 9200)
| Command      : upgrade_ip
| Device       : xc7a100tcsg324-3
---------------------------------------------------------------------------------------------------------------------------------------------

Upgrade Log for IP 'Mem_ROM_1'

1. Summary
----------

SUCCESS in the upgrade of Mem_ROM_1 (xilinx.com:ip:blk_mem_gen:8.4) from (Rev. 5) to (Rev. 7)






Copyright 1986-2022 Xilinx, Inc. All Rights Reserved. Copyright 2022-2023 Advanced Micro Devices, Inc. All Rights Reserved.
---------------------------------------------------------------------------------------------------------------------------------------------
| Tool Version : Vivado v.2023.2 (win64) Build 4029153 Fri Oct 13 20:14:34 MDT 2023
| Date         : Tue Oct 31 08:49:27 2023
| Host         : Medion running 64-bit major release  (build 9200)
| Command      : upgrade_ip
| Device       : xc7a100tcsg324-3
---------------------------------------------------------------------------------------------------------------------------------------------

Upgrade Log for IP 'Mem_ROM_0'

1. Summary
----------

SUCCESS in the upgrade of Mem_ROM_0 (xilinx.com:ip:blk_mem_gen:8.4) from (Rev. 5) to (Rev. 7)






Copyright 1986-2022 Xilinx, Inc. All Rights Reserved. Copyright 2022-2023 Advanced Micro Devices, Inc. All Rights Reserved.
---------------------------------------------------------------------------------------------------------------------------------------------
| Tool Version : Vivado v.2023.2 (win64) Build 4029153 Fri Oct 13 20:14:34 MDT 2023
| Date         : Tue Oct 31 08:49:22 2023
| Host         : Medion running 64-bit major release  (build 9200)
| Command      : upgrade_ip
| Device       : xc7a100tcsg324-3
---------------------------------------------------------------------------------------------------------------------------------------------

Upgrade Log for IP 'Contador_ADDR'

1. Summary
----------

SUCCESS in the upgrade of Contador_ADDR (xilinx.com:ip:c_counter_binary:12.0) from (Rev. 15) to (Rev. 17)






Copyright 1986-2022 Xilinx, Inc. All Rights Reserved.
--------------------------------------------------------------------------------------
| Tool Version : Vivado v.2022.1.2 (win64) Build 3605665 Fri Aug  5 22:53:37 MDT 2022
| Date         : Wed Nov 16 11:20:44 2022
| Host         : Medion_pc running 64-bit major release  (build 9200)
| Command      : upgrade_ip
| Device       : xc7a100tcsg324-3
--------------------------------------------------------------------------------------

Upgrade Log for IP 'Mem_ROM_9'

1. Summary
----------

SUCCESS in the conversion of Mem_ROM_9 (xilinx.com:ip:blk_mem_gen:8.4 (Rev. 5)) to Vivado generation flows.






Copyright 1986-2022 Xilinx, Inc. All Rights Reserved.
--------------------------------------------------------------------------------------
| Tool Version : Vivado v.2022.1.2 (win64) Build 3605665 Fri Aug  5 22:53:37 MDT 2022
| Date         : Wed Nov 16 11:18:40 2022
| Host         : Medion_pc running 64-bit major release  (build 9200)
| Command      : upgrade_ip
| Device       : xc7a100tcsg324-3
--------------------------------------------------------------------------------------

Upgrade Log for IP 'Mem_ROM_8'

1. Summary
----------

SUCCESS in the conversion of Mem_ROM_8 (xilinx.com:ip:blk_mem_gen:8.4 (Rev. 5)) to Vivado generation flows.






Copyright 1986-2022 Xilinx, Inc. All Rights Reserved.
--------------------------------------------------------------------------------------
| Tool Version : Vivado v.2022.1.2 (win64) Build 3605665 Fri Aug  5 22:53:37 MDT 2022
| Date         : Wed Nov 16 11:10:53 2022
| Host         : Medion_pc running 64-bit major release  (build 9200)
| Command      : upgrade_ip
| Device       : xc7a100tcsg324-3
--------------------------------------------------------------------------------------

Upgrade Log for IP 'Mem_ROM_7'

1. Summary
----------

SUCCESS in the conversion of Mem_ROM_7 (xilinx.com:ip:blk_mem_gen:8.4 (Rev. 5)) to Vivado generation flows.






Copyright 1986-2022 Xilinx, Inc. All Rights Reserved.
--------------------------------------------------------------------------------------
| Tool Version : Vivado v.2022.1.2 (win64) Build 3605665 Fri Aug  5 22:53:37 MDT 2022
| Date         : Wed Nov 16 11:06:48 2022
| Host         : Medion_pc running 64-bit major release  (build 9200)
| Command      : upgrade_ip
| Device       : xc7a100tcsg324-3
--------------------------------------------------------------------------------------

Upgrade Log for IP 'Mem_ROM_6'

1. Summary
----------

SUCCESS in the conversion of Mem_ROM_6 (xilinx.com:ip:blk_mem_gen:8.4 (Rev. 5)) to Vivado generation flows.






Copyright 1986-2022 Xilinx, Inc. All Rights Reserved.
--------------------------------------------------------------------------------------
| Tool Version : Vivado v.2022.1.2 (win64) Build 3605665 Fri Aug  5 22:53:37 MDT 2022
| Date         : Wed Nov 16 11:04:44 2022
| Host         : Medion_pc running 64-bit major release  (build 9200)
| Command      : upgrade_ip
| Device       : xc7a100tcsg324-3
--------------------------------------------------------------------------------------

Upgrade Log for IP 'Mem_ROM_5'

1. Summary
----------

SUCCESS in the conversion of Mem_ROM_5 (xilinx.com:ip:blk_mem_gen:8.4 (Rev. 5)) to Vivado generation flows.






Copyright 1986-2022 Xilinx, Inc. All Rights Reserved.
--------------------------------------------------------------------------------------
| Tool Version : Vivado v.2022.1.2 (win64) Build 3605665 Fri Aug  5 22:53:37 MDT 2022
| Date         : Wed Nov 16 11:02:24 2022
| Host         : Medion_pc running 64-bit major release  (build 9200)
| Command      : upgrade_ip
| Device       : xc7a100tcsg324-3
--------------------------------------------------------------------------------------

Upgrade Log for IP 'Mem_ROM_4'

1. Summary
----------

SUCCESS in the conversion of Mem_ROM_4 (xilinx.com:ip:blk_mem_gen:8.4 (Rev. 5)) to Vivado generation flows.






Copyright 1986-2022 Xilinx, Inc. All Rights Reserved.
--------------------------------------------------------------------------------------
| Tool Version : Vivado v.2022.1.2 (win64) Build 3605665 Fri Aug  5 22:53:37 MDT 2022
| Date         : Wed Nov 16 10:58:20 2022
| Host         : Medion_pc running 64-bit major release  (build 9200)
| Command      : upgrade_ip
| Device       : xc7a100tcsg324-3
--------------------------------------------------------------------------------------

Upgrade Log for IP 'Mem_ROM_3'

1. Summary
----------

SUCCESS in the conversion of Mem_ROM_3 (xilinx.com:ip:blk_mem_gen:8.4 (Rev. 5)) to Vivado generation flows.






Copyright 1986-2022 Xilinx, Inc. All Rights Reserved.
--------------------------------------------------------------------------------------
| Tool Version : Vivado v.2022.1.2 (win64) Build 3605665 Fri Aug  5 22:53:37 MDT 2022
| Date         : Wed Nov 16 10:56:19 2022
| Host         : Medion_pc running 64-bit major release  (build 9200)
| Command      : upgrade_ip
| Device       : xc7a100tcsg324-3
--------------------------------------------------------------------------------------

Upgrade Log for IP 'Mem_ROM_2'

1. Summary
----------

SUCCESS in the conversion of Mem_ROM_2 (xilinx.com:ip:blk_mem_gen:8.4 (Rev. 5)) to Vivado generation flows.






Copyright 1986-2022 Xilinx, Inc. All Rights Reserved.
--------------------------------------------------------------------------------------
| Tool Version : Vivado v.2022.1.2 (win64) Build 3605665 Fri Aug  5 22:53:37 MDT 2022
| Date         : Wed Nov 16 10:54:09 2022
| Host         : Medion_pc running 64-bit major release  (build 9200)
| Command      : upgrade_ip
| Device       : xc7a100tcsg324-3
--------------------------------------------------------------------------------------

Upgrade Log for IP 'Mem_ROM_1'

1. Summary
----------

SUCCESS in the conversion of Mem_ROM_1 (xilinx.com:ip:blk_mem_gen:8.4 (Rev. 5)) to Vivado generation flows.






Copyright 1986-2022 Xilinx, Inc. All Rights Reserved.
--------------------------------------------------------------------------------------
| Tool Version : Vivado v.2022.1.2 (win64) Build 3605665 Fri Aug  5 22:53:37 MDT 2022
| Date         : Wed Nov 16 10:52:03 2022
| Host         : Medion_pc running 64-bit major release  (build 9200)
| Command      : upgrade_ip
| Device       : xc7a100tcsg324-3
--------------------------------------------------------------------------------------

Upgrade Log for IP 'Mem_ROM_0'

1. Summary
----------

SUCCESS in the conversion of Mem_ROM_0 (xilinx.com:ip:blk_mem_gen:8.4 (Rev. 5)) to Vivado generation flows.






Copyright 1986-2022 Xilinx, Inc. All Rights Reserved.
--------------------------------------------------------------------------------------
| Tool Version : Vivado v.2022.1.2 (win64) Build 3605665 Fri Aug  5 22:53:37 MDT 2022
| Date         : Wed Nov 16 10:49:14 2022
| Host         : Medion_pc running 64-bit major release  (build 9200)
| Command      : upgrade_ip
| Device       : xc7a100tcsg324-3
--------------------------------------------------------------------------------------

Upgrade Log for IP 'Sumador'

1. Summary
----------

SUCCESS in the conversion of Sumador (xilinx.com:ip:c_addsub:12.0 (Rev. 14)) to Vivado generation flows.






Copyright 1986-2022 Xilinx, Inc. All Rights Reserved.
--------------------------------------------------------------------------------------
| Tool Version : Vivado v.2022.1.2 (win64) Build 3605665 Fri Aug  5 22:53:37 MDT 2022
| Date         : Wed Nov 16 10:47:30 2022
| Host         : Medion_pc running 64-bit major release  (build 9200)
| Command      : upgrade_ip
| Device       : xc7a100tcsg324-3
--------------------------------------------------------------------------------------

Upgrade Log for IP 'Contador_ADDR'

1. Summary
----------

SUCCESS in the conversion of Contador_ADDR (xilinx.com:ip:c_counter_binary:12.0 (Rev. 15)) to Vivado generation flows.

