#-----------------------------------------------------------
# Vivado v2023.1 (64-bit)
# SW Build 3865809 on Sun May  7 15:05:29 MDT 2023
# IP Build 3864474 on Sun May  7 20:36:21 MDT 2023
# SharedData Build 3865790 on Sun May 07 13:33:03 MDT 2023
# Start of session at: Thu Sep  7 03:10:19 2023
# Process ID: 20516
# Current directory: C:/Users/Alain/Desktop/TFG_VF/Vivado/Rede_Perceptron_UART
# Command line: vivado.exe -gui_launcher_event rodinguilauncherevent27496 C:\Users\Alain\Desktop\TFG_VF\Vivado\Rede_Perceptron_UART\Rede_Perceptron_UART.xpr
# Log file: C:/Users/Alain/Desktop/TFG_VF/Vivado/Rede_Perceptron_UART/vivado.log
# Journal file: C:/Users/Alain/Desktop/TFG_VF/Vivado/Rede_Perceptron_UART\vivado.jou
# Running On: Medion, OS: Windows, CPU Frequency: 2208 MHz, CPU Physical cores: 6, Host memory: 17026 MB
#-----------------------------------------------------------
start_gui
open_project C:/Users/Alain/Desktop/TFG_VF/Vivado/Rede_Perceptron_UART/Rede_Perceptron_UART.xpr
WARNING: [Board 49-26] cannot add Board Part xilinx.com:kc705:part0:1.6 available at C:/Xilinx/Vivado/2023.1/data/xhub/boards/XilinxBoardStore/boards/Xilinx/kc705/1.6/board.xml as part xc7k325tffg900-2 specified in board_part file is either invalid or not available
WARNING: [Board 49-26] cannot add Board Part xilinx.com:kcu105:part0:1.6 available at C:/Xilinx/Vivado/2023.1/data/xhub/boards/XilinxBoardStore/boards/Xilinx/kcu105/1.6/board.xml as part xcku040-ffva1156-2-e specified in board_part file is either invalid or not available
WARNING: [Board 49-26] cannot add Board Part xilinx.com:kcu105:part0:1.7 available at C:/Xilinx/Vivado/2023.1/data/xhub/boards/XilinxBoardStore/boards/Xilinx/kcu105/1.7/board.xml as part xcku040-ffva1156-2-e specified in board_part file is either invalid or not available
WARNING: [Board 49-26] cannot add Board Part xilinx.com:kcu1500:part0:1.2 available at C:/Xilinx/Vivado/2023.1/data/xhub/boards/XilinxBoardStore/boards/Xilinx/kcu1500/1.2/board.xml as part xcku115-flvb2104-2-e specified in board_part file is either invalid or not available
WARNING: [Board 49-26] cannot add Board Part xilinx.com:vc707:part0:1.4 available at C:/Xilinx/Vivado/2023.1/data/xhub/boards/XilinxBoardStore/boards/Xilinx/vc707/1.4/board.xml as part xc7vx485tffg1761-2 specified in board_part file is either invalid or not available
WARNING: [Board 49-26] cannot add Board Part xilinx.com:vc709:part0:1.8 available at C:/Xilinx/Vivado/2023.1/data/xhub/boards/XilinxBoardStore/boards/Xilinx/vc709/1.8/board.xml as part xc7vx690tffg1761-2 specified in board_part file is either invalid or not available
WARNING: [Board 49-26] cannot add Board Part xilinx.com:vck190:part0:2.2 available at C:/Xilinx/Vivado/2023.1/data/xhub/boards/XilinxBoardStore/boards/Xilinx/vck190/production/2.2/board.xml as part xcvc1902-vsva2197-2mp-e-s specified in board_part file is either invalid or not available
WARNING: [Board 49-26] cannot add Board Part xilinx.com:vck190:part0:3.0 available at C:/Xilinx/Vivado/2023.1/data/xhub/boards/XilinxBoardStore/boards/Xilinx/vck190/production/3.0/board.xml as part xcvc1902-vsva2197-2mp-e-s specified in board_part file is either invalid or not available
WARNING: [Board 49-26] cannot add Board Part xilinx.com:vck190:part0:3.1 available at C:/Xilinx/Vivado/2023.1/data/xhub/boards/XilinxBoardStore/boards/Xilinx/vck190/production/3.1/board.xml as part xcvc1902-vsva2197-2mp-e-s specified in board_part file is either invalid or not available
WARNING: [Board 49-26] cannot add Board Part xilinx.com:vck190:part0:3.2 available at C:/Xilinx/Vivado/2023.1/data/xhub/boards/XilinxBoardStore/boards/Xilinx/vck190/production/3.2/board.xml as part xcvc1902-vsva2197-2mp-e-s specified in board_part file is either invalid or not available
WARNING: [Board 49-26] cannot add Board Part xilinx.com:vck190_newl:part0:1.0 available at C:/Xilinx/Vivado/2023.1/data/xhub/boards/XilinxBoardStore/boards/Xilinx/vck190_newl/production/1.0/board.xml as part xcvc1902-vsva2197-2mp-e-s specified in board_part file is either invalid or not available
WARNING: [Board 49-26] cannot add Board Part xilinx.com:vck190_newl:part0:1.1 available at C:/Xilinx/Vivado/2023.1/data/xhub/boards/XilinxBoardStore/boards/Xilinx/vck190_newl/production/1.1/board.xml as part xcvc1902-vsva2197-2mp-e-s specified in board_part file is either invalid or not available
WARNING: [Board 49-26] cannot add Board Part xilinx.com:vcu108:part0:1.6 available at C:/Xilinx/Vivado/2023.1/data/xhub/boards/XilinxBoardStore/boards/Xilinx/vcu108/1.6/board.xml as part xcvu095-ffva2104-2-e specified in board_part file is either invalid or not available
WARNING: [Board 49-26] cannot add Board Part xilinx.com:vcu108:part0:1.7 available at C:/Xilinx/Vivado/2023.1/data/xhub/boards/XilinxBoardStore/boards/Xilinx/vcu108/1.7/board.xml as part xcvu095-ffva2104-2-e specified in board_part file is either invalid or not available
WARNING: [Board 49-26] cannot add Board Part xilinx.com:vcu110:part0:1.4 available at C:/Xilinx/Vivado/2023.1/data/xhub/boards/XilinxBoardStore/boards/Xilinx/vcu110/1.4/board.xml as part xcvu190-flgc2104-2-e specified in board_part file is either invalid or not available
WARNING: [Board 49-26] cannot add Board Part xilinx.com:vcu118:part0:2.0 available at C:/Xilinx/Vivado/2023.1/data/xhub/boards/XilinxBoardStore/boards/Xilinx/vcu118/2.0/board.xml as part xcvu9p-flga2104-2l-e specified in board_part file is either invalid or not available
WARNING: [Board 49-26] cannot add Board Part xilinx.com:vcu118:part0:2.3 available at C:/Xilinx/Vivado/2023.1/data/xhub/boards/XilinxBoardStore/boards/Xilinx/vcu118/2.3/board.xml as part xcvu9p-flga2104-2l-e specified in board_part file is either invalid or not available
WARNING: [Board 49-26] cannot add Board Part xilinx.com:vcu118:part0:2.4 available at C:/Xilinx/Vivado/2023.1/data/xhub/boards/XilinxBoardStore/boards/Xilinx/vcu118/2.4/board.xml as part xcvu9p-flga2104-2l-e specified in board_part file is either invalid or not available
WARNING: [Board 49-26] cannot add Board Part xilinx.com:vcu129:part0:1.0 available at C:/Xilinx/Vivado/2023.1/data/xhub/boards/XilinxBoardStore/boards/Xilinx/vcu129/production/1.0/board.xml as part xcvu29p-fsga2577-2l-e specified in board_part file is either invalid or not available
WARNING: [Board 49-26] cannot add Board Part xilinx.com:vcu1525:part0:1.3 available at C:/Xilinx/Vivado/2023.1/data/xhub/boards/XilinxBoardStore/boards/Xilinx/vcu1525/1.3/board.xml as part xcvu9p-fsgd2104-2l-e specified in board_part file is either invalid or not available
WARNING: [Board 49-26] cannot add Board Part xilinx.com:vek280_es:part0:1.0 available at C:/Xilinx/Vivado/2023.1/data/xhub/boards/XilinxBoardStore/boards/Xilinx/vek280/es/rev_a/1.0/board.xml as part xcve2802-vsvh1760-2lp-e-s-es1 specified in board_part file is either invalid or not available
WARNING: [Board 49-26] cannot add Board Part xilinx.com:vek280_es:part0:1.1 available at C:/Xilinx/Vivado/2023.1/data/xhub/boards/XilinxBoardStore/boards/Xilinx/vek280/es/rev_a/1.1/board.xml as part xcve2802-vsvh1760-2lp-e-s-es1 specified in board_part file is either invalid or not available
WARNING: [Board 49-26] cannot add Board Part xilinx.com:vek280_es_revb:part0:1.0 available at C:/Xilinx/Vivado/2023.1/data/xhub/boards/XilinxBoardStore/boards/Xilinx/vek280/es/rev_b/1.0/board.xml as part xcve2802-vsvh1760-2mp-e-s-es1 specified in board_part file is either invalid or not available
WARNING: [Board 49-26] cannot add Board Part xilinx.com:vek280_es_revb:part0:1.1 available at C:/Xilinx/Vivado/2023.1/data/xhub/boards/XilinxBoardStore/boards/Xilinx/vek280/es/rev_b/1.1/board.xml as part xcve2802-vsvh1760-2mp-e-s-es1 specified in board_part file is either invalid or not available
WARNING: [Board 49-26] cannot add Board Part xilinx.com:vermeo_t1_mpsoc:part0:1.0 available at C:/Xilinx/Vivado/2023.1/data/xhub/boards/XilinxBoardStore/boards/Xilinx/vermeo_t1_mpsoc/1.0/board.xml as part xczu19eg-ffvd1760-2l-e specified in board_part file is either invalid or not available
WARNING: [Board 49-26] cannot add Board Part xilinx.com:vermeo_t1_rfsoc:part0:1.0 available at C:/Xilinx/Vivado/2023.1/data/xhub/boards/XilinxBoardStore/boards/Xilinx/vermeo_t1_rfsoc/1.0/board.xml as part xczu21dr-ffvd1156-2l-e specified in board_part file is either invalid or not available
WARNING: [Board 49-26] cannot add Board Part xilinx.com:vhk158:part0:1.0 available at C:/Xilinx/Vivado/2023.1/data/xhub/boards/XilinxBoardStore/boards/Xilinx/vhk158/production/1.0/board.xml as part xcvh1582-vsva3697-2mp-e-s specified in board_part file is either invalid or not available
WARNING: [Board 49-26] cannot add Board Part xilinx.com:vhk158_es:part0:1.0 available at C:/Xilinx/Vivado/2023.1/data/xhub/boards/XilinxBoardStore/boards/Xilinx/vhk158/es/1.0/board.xml as part xcvh1582-vsva3697-2mp-e-s-es1 specified in board_part file is either invalid or not available
WARNING: [Board 49-26] cannot add Board Part xilinx.com:vhk158_es:part0:1.1 available at C:/Xilinx/Vivado/2023.1/data/xhub/boards/XilinxBoardStore/boards/Xilinx/vhk158/es/1.1/board.xml as part xcvh1582-vsva3697-2mp-e-s-es1 specified in board_part file is either invalid or not available
WARNING: [Board 49-26] cannot add Board Part xilinx.com:vmk180:part0:2.2 available at C:/Xilinx/Vivado/2023.1/data/xhub/boards/XilinxBoardStore/boards/Xilinx/vmk180/production/2.2/board.xml as part xcvm1802-vsva2197-2mp-e-s specified in board_part file is either invalid or not available
WARNING: [Board 49-26] cannot add Board Part xilinx.com:vmk180:part0:3.0 available at C:/Xilinx/Vivado/2023.1/data/xhub/boards/XilinxBoardStore/boards/Xilinx/vmk180/production/3.0/board.xml as part xcvm1802-vsva2197-2mp-e-s specified in board_part file is either invalid or not available
WARNING: [Board 49-26] cannot add Board Part xilinx.com:vmk180:part0:3.1 available at C:/Xilinx/Vivado/2023.1/data/xhub/boards/XilinxBoardStore/boards/Xilinx/vmk180/production/3.1/board.xml as part xcvm1802-vsva2197-2mp-e-s specified in board_part file is either invalid or not available
WARNING: [Board 49-26] cannot add Board Part xilinx.com:vmk180:part0:3.2 available at C:/Xilinx/Vivado/2023.1/data/xhub/boards/XilinxBoardStore/boards/Xilinx/vmk180/production/3.2/board.xml as part xcvm1802-vsva2197-2mp-e-s specified in board_part file is either invalid or not available
WARNING: [Board 49-26] cannot add Board Part xilinx.com:vmk180_newl:part0:1.0 available at C:/Xilinx/Vivado/2023.1/data/xhub/boards/XilinxBoardStore/boards/Xilinx/vmk180_newl/production/1.0/board.xml as part xcvm1802-vsva2197-2mp-e-s specified in board_part file is either invalid or not available
WARNING: [Board 49-26] cannot add Board Part xilinx.com:vmk180_newl:part0:1.1 available at C:/Xilinx/Vivado/2023.1/data/xhub/boards/XilinxBoardStore/boards/Xilinx/vmk180_newl/production/1.1/board.xml as part xcvm1802-vsva2197-2mp-e-s specified in board_part file is either invalid or not available
WARNING: [Board 49-26] cannot add Board Part xilinx.com:vpk120:part0:1.0 available at C:/Xilinx/Vivado/2023.1/data/xhub/boards/XilinxBoardStore/boards/Xilinx/vpk120/production/1.0/board.xml as part xcvp1202-vsva2785-2mp-e-s specified in board_part file is either invalid or not available
WARNING: [Board 49-26] cannot add Board Part xilinx.com:vpk120:part0:1.1 available at C:/Xilinx/Vivado/2023.1/data/xhub/boards/XilinxBoardStore/boards/Xilinx/vpk120/production/1.1/board.xml as part xcvp1202-vsva2785-2mp-e-s specified in board_part file is either invalid or not available
WARNING: [Board 49-26] cannot add Board Part xilinx.com:vpk120_es:part0:1.2 available at C:/Xilinx/Vivado/2023.1/data/xhub/boards/XilinxBoardStore/boards/Xilinx/vpk120/es/1.2/board.xml as part xcvp1202-vsva2785-2mp-e-s-es1 specified in board_part file is either invalid or not available
WARNING: [Board 49-26] cannot add Board Part xilinx.com:vpk120_es:part0:1.3 available at C:/Xilinx/Vivado/2023.1/data/xhub/boards/XilinxBoardStore/boards/Xilinx/vpk120/es/1.3/board.xml as part xcvp1202-vsva2785-2mp-e-s-es1 specified in board_part file is either invalid or not available
WARNING: [Board 49-26] cannot add Board Part xilinx.com:vpk120_es_revb:part0:1.0 available at C:/Xilinx/Vivado/2023.1/data/xhub/boards/XilinxBoardStore/boards/Xilinx/vpk120_revb/es/1.0/board.xml as part xcvp1202-vsva2785-2mp-e-s-es1 specified in board_part file is either invalid or not available
WARNING: [Board 49-26] cannot add Board Part xilinx.com:vpk120_es_revb:part0:1.1 available at C:/Xilinx/Vivado/2023.1/data/xhub/boards/XilinxBoardStore/boards/Xilinx/vpk120_revb/es/1.1/board.xml as part xcvp1202-vsva2785-2mp-e-s-es1 specified in board_part file is either invalid or not available
WARNING: [Board 49-26] cannot add Board Part xilinx.com:vpk180:part0:1.0 available at C:/Xilinx/Vivado/2023.1/data/xhub/boards/XilinxBoardStore/boards/Xilinx/vpk180/production/1.0/board.xml as part xcvp1802-lsvc4072-2mp-e-s specified in board_part file is either invalid or not available
WARNING: [Board 49-26] cannot add Board Part xilinx.com:vpk180:part0:1.1 available at C:/Xilinx/Vivado/2023.1/data/xhub/boards/XilinxBoardStore/boards/Xilinx/vpk180/production/1.1/board.xml as part xcvp1802-lsvc4072-2mp-e-s specified in board_part file is either invalid or not available
WARNING: [Board 49-26] cannot add Board Part xilinx.com:vpk180_es:part0:1.0 available at C:/Xilinx/Vivado/2023.1/data/xhub/boards/XilinxBoardStore/boards/Xilinx/vpk180/es/1.0/board.xml as part xcvp1802-lsvc4072-2mp-e-s-es1 specified in board_part file is either invalid or not available
WARNING: [Board 49-26] cannot add Board Part xilinx.com:vpk180_es:part0:1.1 available at C:/Xilinx/Vivado/2023.1/data/xhub/boards/XilinxBoardStore/boards/Xilinx/vpk180/es/1.1/board.xml as part xcvp1802-lsvc4072-2mp-e-s-es1 specified in board_part file is either invalid or not available
WARNING: [Board 49-26] cannot add Board Part xilinx.com:zc706:part0:1.4 available at C:/Xilinx/Vivado/2023.1/data/xhub/boards/XilinxBoardStore/boards/Xilinx/zc706/1.4/board.xml as part xc7z045ffg900-2 specified in board_part file is either invalid or not available
WARNING: [Board 49-26] cannot add Board Part xilinx.com:zcu102:part0:3.3 available at C:/Xilinx/Vivado/2023.1/data/xhub/boards/XilinxBoardStore/boards/Xilinx/zcu102/3.3/board.xml as part xczu9eg-ffvb1156-2-e specified in board_part file is either invalid or not available
WARNING: [Board 49-26] cannot add Board Part xilinx.com:zcu102:part0:3.4 available at C:/Xilinx/Vivado/2023.1/data/xhub/boards/XilinxBoardStore/boards/Xilinx/zcu102/3.4/board.xml as part xczu9eg-ffvb1156-2-e specified in board_part file is either invalid or not available
WARNING: [Board 49-26] cannot add Board Part xilinx.com:zcu111:part0:1.2 available at C:/Xilinx/Vivado/2023.1/data/xhub/boards/XilinxBoardStore/boards/Xilinx/zcu111/1.2/board.xml as part xczu28dr-ffvg1517-2-e specified in board_part file is either invalid or not available
WARNING: [Board 49-26] cannot add Board Part xilinx.com:zcu111:part0:1.3 available at C:/Xilinx/Vivado/2023.1/data/xhub/boards/XilinxBoardStore/boards/Xilinx/zcu111/1.3/board.xml as part xczu28dr-ffvg1517-2-e specified in board_part file is either invalid or not available
WARNING: [Board 49-26] cannot add Board Part xilinx.com:zcu111:part0:1.4 available at C:/Xilinx/Vivado/2023.1/data/xhub/boards/XilinxBoardStore/boards/Xilinx/zcu111/1.4/board.xml as part xczu28dr-ffvg1517-2-e specified in board_part file is either invalid or not available
WARNING: [Board 49-26] cannot add Board Part xilinx.com:zcu1275:part0:1.0 available at C:/Xilinx/Vivado/2023.1/data/xhub/boards/XilinxBoardStore/boards/Xilinx/zcu1275/1.0/board.xml as part xczu29dr-ffvf1760-2-e specified in board_part file is either invalid or not available
WARNING: [Board 49-26] cannot add Board Part xilinx.com:zcu1285:part0:1.0 available at C:/Xilinx/Vivado/2023.1/data/xhub/boards/XilinxBoardStore/boards/Xilinx/zcu1285/1.0/board.xml as part xczu39dr-ffvf1760-2-i specified in board_part file is either invalid or not available
WARNING: [Board 49-26] cannot add Board Part xilinx.com:zcu208:part0:2.0 available at C:/Xilinx/Vivado/2023.1/data/xhub/boards/XilinxBoardStore/boards/Xilinx/zcu208/production/2.0/board.xml as part xczu48dr-fsvg1517-2-e specified in board_part file is either invalid or not available
WARNING: [Board 49-26] cannot add Board Part xilinx.com:zcu208ld:part0:2.0 available at C:/Xilinx/Vivado/2023.1/data/xhub/boards/XilinxBoardStore/boards/Xilinx/zcu208ld/production/2.0/board.xml as part xczu58dr-fsvg1517-2-i specified in board_part file is either invalid or not available
WARNING: [Board 49-26] cannot add Board Part xilinx.com:zcu216:part0:2.0 available at C:/Xilinx/Vivado/2023.1/data/xhub/boards/XilinxBoardStore/boards/Xilinx/zcu216/production/2.0/board.xml as part xczu49dr-ffvf1760-2-e specified in board_part file is either invalid or not available
WARNING: [Board 49-26] cannot add Board Part xilinx.com:zcu216ld:part0:2.0 available at C:/Xilinx/Vivado/2023.1/data/xhub/boards/XilinxBoardStore/boards/Xilinx/zcu216ld/production/2.0/board.xml as part xczu59dr-ffvf1760-2-i specified in board_part file is either invalid or not available
WARNING: [Board 49-26] cannot add Board Part xilinx.com:zcu670:part0:2.0 available at C:/Xilinx/Vivado/2023.1/data/xhub/boards/XilinxBoardStore/boards/Xilinx/zcu670/2.0/board.xml as part xczu67dr-fsve1156-2-i specified in board_part file is either invalid or not available
WARNING: [Board 49-26] cannot add Board Part xilinx.com:zcu670ld:part0:1.0 available at C:/Xilinx/Vivado/2023.1/data/xhub/boards/XilinxBoardStore/boards/Xilinx/zcu670ld/1.0/board.xml as part xczu57dr-fsve1156-2-i specified in board_part file is either invalid or not available
INFO: [Project 1-313] Project file moved from 'C:/Users/Alain/Desktop/TFG/Vivado/Rede_Perceptron_UART' since last save.
WARNING: [Project 1-312] File not found as 'C:/Users/Alain/Desktop/TFG_VF/Vivado/Rede_Perceptron/Pesos/Memw0.COE'; using path 'C:/Users/Alain/Desktop/TFG/Vivado/Rede_Perceptron/Pesos/Memw0.COE' instead.
WARNING: [Project 1-312] File not found as 'C:/Users/Alain/Desktop/TFG_VF/Vivado/Rede_Perceptron/Perceptron_multicapa.srcs/sources_1/imports/Pesos/Memw4.COE'; using path 'C:/Users/Alain/Desktop/TFG/Vivado/Rede_Perceptron/Perceptron_multicapa.srcs/sources_1/imports/Pesos/Memw4.COE' instead.
WARNING: [Project 1-312] File not found as 'C:/Users/Alain/Desktop/TFG_VF/Vivado/Rede_Perceptron/Perceptron_multicapa.srcs/sources_1/imports/Pesos/Memw2.COE'; using path 'C:/Users/Alain/Desktop/TFG/Vivado/Rede_Perceptron/Perceptron_multicapa.srcs/sources_1/imports/Pesos/Memw2.COE' instead.
WARNING: [Project 1-312] File not found as 'C:/Users/Alain/Desktop/TFG_VF/Vivado/Rede_Perceptron/Perceptron_multicapa.srcs/sources_1/imports/Pesos/Memw1.COE'; using path 'C:/Users/Alain/Desktop/TFG/Vivado/Rede_Perceptron/Perceptron_multicapa.srcs/sources_1/imports/Pesos/Memw1.COE' instead.
WARNING: [Project 1-312] File not found as 'C:/Users/Alain/Desktop/TFG_VF/Vivado/Rede_Perceptron/Perceptron_multicapa.srcs/sources_1/imports/Pesos/Memw8.COE'; using path 'C:/Users/Alain/Desktop/TFG/Vivado/Rede_Perceptron/Perceptron_multicapa.srcs/sources_1/imports/Pesos/Memw8.COE' instead.
WARNING: [Project 1-312] File not found as 'C:/Users/Alain/Desktop/TFG_VF/Vivado/Rede_Perceptron/Perceptron_multicapa.srcs/sources_1/imports/Pesos/Memw9.COE'; using path 'C:/Users/Alain/Desktop/TFG/Vivado/Rede_Perceptron/Perceptron_multicapa.srcs/sources_1/imports/Pesos/Memw9.COE' instead.
WARNING: [Project 1-312] File not found as 'C:/Users/Alain/Desktop/TFG_VF/Vivado/Rede_Perceptron/Perceptron_multicapa.srcs/sources_1/imports/Pesos/Memw7.COE'; using path 'C:/Users/Alain/Desktop/TFG/Vivado/Rede_Perceptron/Perceptron_multicapa.srcs/sources_1/imports/Pesos/Memw7.COE' instead.
WARNING: [Project 1-312] File not found as 'C:/Users/Alain/Desktop/TFG_VF/Vivado/Rede_Perceptron/Perceptron_multicapa.srcs/sources_1/imports/Pesos/Memw5.COE'; using path 'C:/Users/Alain/Desktop/TFG/Vivado/Rede_Perceptron/Perceptron_multicapa.srcs/sources_1/imports/Pesos/Memw5.COE' instead.
WARNING: [Project 1-312] File not found as 'C:/Users/Alain/Desktop/TFG_VF/Vivado/Rede_Perceptron/Perceptron_multicapa.srcs/sources_1/imports/Pesos/Memw3.COE'; using path 'C:/Users/Alain/Desktop/TFG/Vivado/Rede_Perceptron/Perceptron_multicapa.srcs/sources_1/imports/Pesos/Memw3.COE' instead.
WARNING: [Project 1-312] File not found as 'C:/Users/Alain/Desktop/TFG_VF/Vivado/Rede_Perceptron/Perceptron_multicapa.srcs/sources_1/imports/Pesos/Memw6.COE'; using path 'C:/Users/Alain/Desktop/TFG/Vivado/Rede_Perceptron/Perceptron_multicapa.srcs/sources_1/imports/Pesos/Memw6.COE' instead.
Scanning sources...
Finished scanning sources
WARNING: [Project 1-312] File not found as 'C:/Users/Alain/Desktop/TFG_VF/Vivado/Rede_Perceptron/Pesos/Memw0.COE'; using path 'C:/Users/Alain/Desktop/TFG/Vivado/Rede_Perceptron/Pesos/Memw0.COE' instead.
WARNING: [Project 1-312] File not found as 'C:/Users/Alain/Desktop/TFG_VF/Vivado/Rede_Perceptron/Perceptron_multicapa.srcs/sources_1/imports/Pesos/Memw4.COE'; using path 'C:/Users/Alain/Desktop/TFG/Vivado/Rede_Perceptron/Perceptron_multicapa.srcs/sources_1/imports/Pesos/Memw4.COE' instead.
WARNING: [Project 1-312] File not found as 'C:/Users/Alain/Desktop/TFG_VF/Vivado/Rede_Perceptron/Perceptron_multicapa.srcs/sources_1/imports/Pesos/Memw2.COE'; using path 'C:/Users/Alain/Desktop/TFG/Vivado/Rede_Perceptron/Perceptron_multicapa.srcs/sources_1/imports/Pesos/Memw2.COE' instead.
WARNING: [Project 1-312] File not found as 'C:/Users/Alain/Desktop/TFG_VF/Vivado/Rede_Perceptron/Perceptron_multicapa.srcs/sources_1/imports/Pesos/Memw1.COE'; using path 'C:/Users/Alain/Desktop/TFG/Vivado/Rede_Perceptron/Perceptron_multicapa.srcs/sources_1/imports/Pesos/Memw1.COE' instead.
WARNING: [Project 1-312] File not found as 'C:/Users/Alain/Desktop/TFG_VF/Vivado/Rede_Perceptron/Perceptron_multicapa.srcs/sources_1/imports/Pesos/Memw8.COE'; using path 'C:/Users/Alain/Desktop/TFG/Vivado/Rede_Perceptron/Perceptron_multicapa.srcs/sources_1/imports/Pesos/Memw8.COE' instead.
WARNING: [Project 1-312] File not found as 'C:/Users/Alain/Desktop/TFG_VF/Vivado/Rede_Perceptron/Perceptron_multicapa.srcs/sources_1/imports/Pesos/Memw9.COE'; using path 'C:/Users/Alain/Desktop/TFG/Vivado/Rede_Perceptron/Perceptron_multicapa.srcs/sources_1/imports/Pesos/Memw9.COE' instead.
WARNING: [Project 1-312] File not found as 'C:/Users/Alain/Desktop/TFG_VF/Vivado/Rede_Perceptron/Perceptron_multicapa.srcs/sources_1/imports/Pesos/Memw7.COE'; using path 'C:/Users/Alain/Desktop/TFG/Vivado/Rede_Perceptron/Perceptron_multicapa.srcs/sources_1/imports/Pesos/Memw7.COE' instead.
WARNING: [Project 1-312] File not found as 'C:/Users/Alain/Desktop/TFG_VF/Vivado/Rede_Perceptron/Perceptron_multicapa.srcs/sources_1/imports/Pesos/Memw5.COE'; using path 'C:/Users/Alain/Desktop/TFG/Vivado/Rede_Perceptron/Perceptron_multicapa.srcs/sources_1/imports/Pesos/Memw5.COE' instead.
WARNING: [Project 1-312] File not found as 'C:/Users/Alain/Desktop/TFG_VF/Vivado/Rede_Perceptron/Perceptron_multicapa.srcs/sources_1/imports/Pesos/Memw3.COE'; using path 'C:/Users/Alain/Desktop/TFG/Vivado/Rede_Perceptron/Perceptron_multicapa.srcs/sources_1/imports/Pesos/Memw3.COE' instead.
WARNING: [Project 1-312] File not found as 'C:/Users/Alain/Desktop/TFG_VF/Vivado/Rede_Perceptron/Perceptron_multicapa.srcs/sources_1/imports/Pesos/Memw6.COE'; using path 'C:/Users/Alain/Desktop/TFG/Vivado/Rede_Perceptron/Perceptron_multicapa.srcs/sources_1/imports/Pesos/Memw6.COE' instead.
WARNING: [Project 1-312] File not found as 'C:/Users/Alain/Desktop/TFG_VF/Vivado/Rede_Perceptron/Pesos/Memw0.COE'; using path 'C:/Users/Alain/Desktop/TFG/Vivado/Rede_Perceptron/Pesos/Memw0.COE' instead.
WARNING: [Project 1-312] File not found as 'C:/Users/Alain/Desktop/TFG_VF/Vivado/Rede_Perceptron/Perceptron_multicapa.srcs/sources_1/imports/Pesos/Memw4.COE'; using path 'C:/Users/Alain/Desktop/TFG/Vivado/Rede_Perceptron/Perceptron_multicapa.srcs/sources_1/imports/Pesos/Memw4.COE' instead.
WARNING: [Project 1-312] File not found as 'C:/Users/Alain/Desktop/TFG_VF/Vivado/Rede_Perceptron/Perceptron_multicapa.srcs/sources_1/imports/Pesos/Memw2.COE'; using path 'C:/Users/Alain/Desktop/TFG/Vivado/Rede_Perceptron/Perceptron_multicapa.srcs/sources_1/imports/Pesos/Memw2.COE' instead.
WARNING: [Project 1-312] File not found as 'C:/Users/Alain/Desktop/TFG_VF/Vivado/Rede_Perceptron/Perceptron_multicapa.srcs/sources_1/imports/Pesos/Memw1.COE'; using path 'C:/Users/Alain/Desktop/TFG/Vivado/Rede_Perceptron/Perceptron_multicapa.srcs/sources_1/imports/Pesos/Memw1.COE' instead.
WARNING: [Project 1-312] File not found as 'C:/Users/Alain/Desktop/TFG_VF/Vivado/Rede_Perceptron/Perceptron_multicapa.srcs/sources_1/imports/Pesos/Memw8.COE'; using path 'C:/Users/Alain/Desktop/TFG/Vivado/Rede_Perceptron/Perceptron_multicapa.srcs/sources_1/imports/Pesos/Memw8.COE' instead.
WARNING: [Project 1-312] File not found as 'C:/Users/Alain/Desktop/TFG_VF/Vivado/Rede_Perceptron/Perceptron_multicapa.srcs/sources_1/imports/Pesos/Memw9.COE'; using path 'C:/Users/Alain/Desktop/TFG/Vivado/Rede_Perceptron/Perceptron_multicapa.srcs/sources_1/imports/Pesos/Memw9.COE' instead.
WARNING: [Project 1-312] File not found as 'C:/Users/Alain/Desktop/TFG_VF/Vivado/Rede_Perceptron/Perceptron_multicapa.srcs/sources_1/imports/Pesos/Memw7.COE'; using path 'C:/Users/Alain/Desktop/TFG/Vivado/Rede_Perceptron/Perceptron_multicapa.srcs/sources_1/imports/Pesos/Memw7.COE' instead.
WARNING: [Project 1-312] File not found as 'C:/Users/Alain/Desktop/TFG_VF/Vivado/Rede_Perceptron/Perceptron_multicapa.srcs/sources_1/imports/Pesos/Memw5.COE'; using path 'C:/Users/Alain/Desktop/TFG/Vivado/Rede_Perceptron/Perceptron_multicapa.srcs/sources_1/imports/Pesos/Memw5.COE' instead.
WARNING: [Project 1-312] File not found as 'C:/Users/Alain/Desktop/TFG_VF/Vivado/Rede_Perceptron/Perceptron_multicapa.srcs/sources_1/imports/Pesos/Memw3.COE'; using path 'C:/Users/Alain/Desktop/TFG/Vivado/Rede_Perceptron/Perceptron_multicapa.srcs/sources_1/imports/Pesos/Memw3.COE' instead.
WARNING: [Project 1-312] File not found as 'C:/Users/Alain/Desktop/TFG_VF/Vivado/Rede_Perceptron/Perceptron_multicapa.srcs/sources_1/imports/Pesos/Memw6.COE'; using path 'C:/Users/Alain/Desktop/TFG/Vivado/Rede_Perceptron/Perceptron_multicapa.srcs/sources_1/imports/Pesos/Memw6.COE' instead.
INFO: [IP_Flow 19-234] Refreshing IP repositories
INFO: [IP_Flow 19-1704] No user IP repositories specified
INFO: [IP_Flow 19-2313] Loaded Vivado IP repository 'C:/Xilinx/Vivado/2023.1/data/ip'.
open_project: Time (s): cpu = 00:00:19 ; elapsed = 00:00:17 . Memory (MB): peak = 1521.586 ; gain = 364.094
update_compile_order -fileset sources_1
set_property top Perceptron_Ud_O [current_fileset]
update_compile_order -fileset sources_1
synth_design -rtl -rtl_skip_mlo -name rtl_1
Command: synth_design -rtl -rtl_skip_mlo -name rtl_1
Starting synth_design
Using part: xc7a100tcsg324-3
Top: Perceptron_Ud_O
INFO: [Device 21-403] Loading part xc7a100tcsg324-3
---------------------------------------------------------------------------------
Starting RTL Elaboration : Time (s): cpu = 00:00:06 ; elapsed = 00:00:06 . Memory (MB): peak = 2305.383 ; gain = 395.770
---------------------------------------------------------------------------------
INFO: [Synth 8-638] synthesizing module 'Perceptron_Ud_O' [C:/Users/Alain/Desktop/TFG_VF/Vivado/Rede_Perceptron_UART/Rede_Perceptron_UART.srcs/sources_1/imports/new/Perceptron_Ud_O.vhd:38]
INFO: [Synth 8-3491] module 'Multiplicador' declared at 'C:/Users/Alain/Desktop/TFG_VF/Vivado/Rede_Perceptron_UART/Rede_Perceptron_UART.srcs/sources_1/imports/new/Multiplicador.vhd:36' bound to instance 'Inst_Multiplicador' of component 'Multiplicador' [C:/Users/Alain/Desktop/TFG_VF/Vivado/Rede_Perceptron_UART/Rede_Perceptron_UART.srcs/sources_1/imports/new/Perceptron_Ud_O.vhd:85]
INFO: [Synth 8-638] synthesizing module 'Multiplicador' [C:/Users/Alain/Desktop/TFG_VF/Vivado/Rede_Perceptron_UART/Rede_Perceptron_UART.srcs/sources_1/imports/new/Multiplicador.vhd:42]
INFO: [Synth 8-256] done synthesizing module 'Multiplicador' (0#1) [C:/Users/Alain/Desktop/TFG_VF/Vivado/Rede_Perceptron_UART/Rede_Perceptron_UART.srcs/sources_1/imports/new/Multiplicador.vhd:42]
INFO: [Synth 8-3491] module 'Sumador' declared at 'C:/Users/Alain/Desktop/TFG_VF/Vivado/Rede_Perceptron_UART/.Xil/Vivado-20516-Medion/realtime/Sumador_stub.vhdl:5' bound to instance 'Inst_Sumador' of component 'Sumador' [C:/Users/Alain/Desktop/TFG_VF/Vivado/Rede_Perceptron_UART/Rede_Perceptron_UART.srcs/sources_1/imports/new/Perceptron_Ud_O.vhd:92]
INFO: [Synth 8-638] synthesizing module 'Sumador' [C:/Users/Alain/Desktop/TFG_VF/Vivado/Rede_Perceptron_UART/.Xil/Vivado-20516-Medion/realtime/Sumador_stub.vhdl:14]
INFO: [Synth 8-3491] module 'Rexistro' declared at 'C:/Users/Alain/Desktop/TFG_VF/Vivado/Rede_Perceptron_UART/Rede_Perceptron_UART.srcs/sources_1/imports/new/Rexistro.vhd:25' bound to instance 'Inst_Rexistro' of component 'Rexistro' [C:/Users/Alain/Desktop/TFG_VF/Vivado/Rede_Perceptron_UART/Rede_Perceptron_UART.srcs/sources_1/imports/new/Perceptron_Ud_O.vhd:99]
INFO: [Synth 8-638] synthesizing module 'Rexistro' [C:/Users/Alain/Desktop/TFG_VF/Vivado/Rede_Perceptron_UART/Rede_Perceptron_UART.srcs/sources_1/imports/new/Rexistro.vhd:34]
INFO: [Synth 8-256] done synthesizing module 'Rexistro' (0#1) [C:/Users/Alain/Desktop/TFG_VF/Vivado/Rede_Perceptron_UART/Rede_Perceptron_UART.srcs/sources_1/imports/new/Rexistro.vhd:34]
INFO: [Synth 8-3491] module 'F_activacion' declared at 'C:/Users/Alain/Desktop/TFG_VF/Vivado/Rede_Perceptron_UART/Rede_Perceptron_UART.srcs/sources_1/imports/new/F_activacion.vhd:26' bound to instance 'Inst_F_Activacion' of component 'F_Activacion' [C:/Users/Alain/Desktop/TFG_VF/Vivado/Rede_Perceptron_UART/Rede_Perceptron_UART.srcs/sources_1/imports/new/Perceptron_Ud_O.vhd:109]
INFO: [Synth 8-638] synthesizing module 'F_activacion' [C:/Users/Alain/Desktop/TFG_VF/Vivado/Rede_Perceptron_UART/Rede_Perceptron_UART.srcs/sources_1/imports/new/F_activacion.vhd:31]
INFO: [Synth 8-256] done synthesizing module 'F_activacion' (0#1) [C:/Users/Alain/Desktop/TFG_VF/Vivado/Rede_Perceptron_UART/Rede_Perceptron_UART.srcs/sources_1/imports/new/F_activacion.vhd:31]
INFO: [Synth 8-3491] module 'Rexistro_Z' declared at 'C:/Users/Alain/Desktop/TFG_VF/Vivado/Rede_Perceptron_UART/Rede_Perceptron_UART.srcs/sources_1/imports/new/Biestable.vhd:34' bound to instance 'Inst_Rexistro_Z' of component 'Rexistro_Z' [C:/Users/Alain/Desktop/TFG_VF/Vivado/Rede_Perceptron_UART/Rede_Perceptron_UART.srcs/sources_1/imports/new/Perceptron_Ud_O.vhd:115]
INFO: [Synth 8-638] synthesizing module 'Rexistro_Z' [C:/Users/Alain/Desktop/TFG_VF/Vivado/Rede_Perceptron_UART/Rede_Perceptron_UART.srcs/sources_1/imports/new/Biestable.vhd:42]
INFO: [Synth 8-256] done synthesizing module 'Rexistro_Z' (0#1) [C:/Users/Alain/Desktop/TFG_VF/Vivado/Rede_Perceptron_UART/Rede_Perceptron_UART.srcs/sources_1/imports/new/Biestable.vhd:42]
INFO: [Synth 8-256] done synthesizing module 'Perceptron_Ud_O' (0#1) [C:/Users/Alain/Desktop/TFG_VF/Vivado/Rede_Perceptron_UART/Rede_Perceptron_UART.srcs/sources_1/imports/new/Perceptron_Ud_O.vhd:38]
---------------------------------------------------------------------------------
Finished RTL Elaboration : Time (s): cpu = 00:00:07 ; elapsed = 00:00:08 . Memory (MB): peak = 2396.957 ; gain = 487.344
---------------------------------------------------------------------------------
---------------------------------------------------------------------------------
Start Handling Custom Attributes
---------------------------------------------------------------------------------
---------------------------------------------------------------------------------
Finished Handling Custom Attributes : Time (s): cpu = 00:00:07 ; elapsed = 00:00:08 . Memory (MB): peak = 2396.957 ; gain = 487.344
---------------------------------------------------------------------------------
---------------------------------------------------------------------------------
Finished RTL Optimization Phase 1 : Time (s): cpu = 00:00:07 ; elapsed = 00:00:08 . Memory (MB): peak = 2396.957 ; gain = 487.344
---------------------------------------------------------------------------------
INFO: [Project 1-454] Reading design checkpoint 'C:/Users/Alain/Desktop/TFG_VF/Vivado/Rede_Perceptron_UART/.Xil/Vivado-20516-Medion/Sumador/Sumador.dcp' for cell 'Inst_Sumador'
Netlist sorting complete. Time (s): cpu = 00:00:00 ; elapsed = 00:00:00.006 . Memory (MB): peak = 2409.441 ; gain = 0.000
INFO: [Netlist 29-17] Analyzing 1 Unisim elements for replacement
INFO: [Netlist 29-28] Unisim Transformation completed in 0 CPU seconds
INFO: [Project 1-479] Netlist was created with Vivado 2022.1.2
INFO: [Project 1-570] Preparing netlist for logic optimization

Processing XDC Constraints
Initializing timing engine
Parsing XDC File [C:/Users/Alain/Desktop/TFG_VF/Vivado/Rede_Perceptron_UART/Rede_Perceptron_UART.srcs/constrs_1/imports/Downloads/PinoutNexys4.xdc]
WARNING: [Vivado 12-584] No ports matched 'Select_Sumatorio[0]'. [C:/Users/Alain/Desktop/TFG_VF/Vivado/Rede_Perceptron_UART/Rede_Perceptron_UART.srcs/constrs_1/imports/Downloads/PinoutNexys4.xdc:13]
WARNING: [Vivado 12-584] No ports matched 'Select_Sumatorio[1]'. [C:/Users/Alain/Desktop/TFG_VF/Vivado/Rede_Perceptron_UART/Rede_Perceptron_UART.srcs/constrs_1/imports/Downloads/PinoutNexys4.xdc:14]
WARNING: [Vivado 12-584] No ports matched 'Select_Sumatorio[2]'. [C:/Users/Alain/Desktop/TFG_VF/Vivado/Rede_Perceptron_UART/Rede_Perceptron_UART.srcs/constrs_1/imports/Downloads/PinoutNexys4.xdc:15]
WARNING: [Vivado 12-584] No ports matched 'Select_Sumatorio[3]'. [C:/Users/Alain/Desktop/TFG_VF/Vivado/Rede_Perceptron_UART/Rede_Perceptron_UART.srcs/constrs_1/imports/Downloads/PinoutNexys4.xdc:16]
WARNING: [Vivado 12-584] No ports matched 'Activacion[0]'. [C:/Users/Alain/Desktop/TFG_VF/Vivado/Rede_Perceptron_UART/Rede_Perceptron_UART.srcs/constrs_1/imports/Downloads/PinoutNexys4.xdc:33]
WARNING: [Vivado 12-584] No ports matched 'Activacion[1]'. [C:/Users/Alain/Desktop/TFG_VF/Vivado/Rede_Perceptron_UART/Rede_Perceptron_UART.srcs/constrs_1/imports/Downloads/PinoutNexys4.xdc:34]
WARNING: [Vivado 12-584] No ports matched 'Activacion[2]'. [C:/Users/Alain/Desktop/TFG_VF/Vivado/Rede_Perceptron_UART/Rede_Perceptron_UART.srcs/constrs_1/imports/Downloads/PinoutNexys4.xdc:35]
WARNING: [Vivado 12-584] No ports matched 'Activacion[3]'. [C:/Users/Alain/Desktop/TFG_VF/Vivado/Rede_Perceptron_UART/Rede_Perceptron_UART.srcs/constrs_1/imports/Downloads/PinoutNexys4.xdc:36]
WARNING: [Vivado 12-584] No ports matched 'Activacion[4]'. [C:/Users/Alain/Desktop/TFG_VF/Vivado/Rede_Perceptron_UART/Rede_Perceptron_UART.srcs/constrs_1/imports/Downloads/PinoutNexys4.xdc:37]
WARNING: [Vivado 12-584] No ports matched 'Activacion[5]'. [C:/Users/Alain/Desktop/TFG_VF/Vivado/Rede_Perceptron_UART/Rede_Perceptron_UART.srcs/constrs_1/imports/Downloads/PinoutNexys4.xdc:38]
WARNING: [Vivado 12-584] No ports matched 'Activacion[6]'. [C:/Users/Alain/Desktop/TFG_VF/Vivado/Rede_Perceptron_UART/Rede_Perceptron_UART.srcs/constrs_1/imports/Downloads/PinoutNexys4.xdc:39]
WARNING: [Vivado 12-584] No ports matched 'Activacion[7]'. [C:/Users/Alain/Desktop/TFG_VF/Vivado/Rede_Perceptron_UART/Rede_Perceptron_UART.srcs/constrs_1/imports/Downloads/PinoutNexys4.xdc:40]
WARNING: [Vivado 12-584] No ports matched 'Activacion[8]'. [C:/Users/Alain/Desktop/TFG_VF/Vivado/Rede_Perceptron_UART/Rede_Perceptron_UART.srcs/constrs_1/imports/Downloads/PinoutNexys4.xdc:41]
WARNING: [Vivado 12-584] No ports matched 'Activacion[9]'. [C:/Users/Alain/Desktop/TFG_VF/Vivado/Rede_Perceptron_UART/Rede_Perceptron_UART.srcs/constrs_1/imports/Downloads/PinoutNexys4.xdc:42]
WARNING: [Vivado 12-584] No ports matched 'Bit_Signo'. [C:/Users/Alain/Desktop/TFG_VF/Vivado/Rede_Perceptron_UART/Rede_Perceptron_UART.srcs/constrs_1/imports/Downloads/PinoutNexys4.xdc:48]
WARNING: [Vivado 12-584] No ports matched 'a_to_g[0]'. [C:/Users/Alain/Desktop/TFG_VF/Vivado/Rede_Perceptron_UART/Rede_Perceptron_UART.srcs/constrs_1/imports/Downloads/PinoutNexys4.xdc:60]
WARNING: [Vivado 12-584] No ports matched 'a_to_g[1]'. [C:/Users/Alain/Desktop/TFG_VF/Vivado/Rede_Perceptron_UART/Rede_Perceptron_UART.srcs/constrs_1/imports/Downloads/PinoutNexys4.xdc:61]
WARNING: [Vivado 12-584] No ports matched 'a_to_g[2]'. [C:/Users/Alain/Desktop/TFG_VF/Vivado/Rede_Perceptron_UART/Rede_Perceptron_UART.srcs/constrs_1/imports/Downloads/PinoutNexys4.xdc:62]
WARNING: [Vivado 12-584] No ports matched 'a_to_g[3]'. [C:/Users/Alain/Desktop/TFG_VF/Vivado/Rede_Perceptron_UART/Rede_Perceptron_UART.srcs/constrs_1/imports/Downloads/PinoutNexys4.xdc:63]
WARNING: [Vivado 12-584] No ports matched 'a_to_g[4]'. [C:/Users/Alain/Desktop/TFG_VF/Vivado/Rede_Perceptron_UART/Rede_Perceptron_UART.srcs/constrs_1/imports/Downloads/PinoutNexys4.xdc:64]
WARNING: [Vivado 12-584] No ports matched 'a_to_g[5]'. [C:/Users/Alain/Desktop/TFG_VF/Vivado/Rede_Perceptron_UART/Rede_Perceptron_UART.srcs/constrs_1/imports/Downloads/PinoutNexys4.xdc:65]
WARNING: [Vivado 12-584] No ports matched 'a_to_g[6]'. [C:/Users/Alain/Desktop/TFG_VF/Vivado/Rede_Perceptron_UART/Rede_Perceptron_UART.srcs/constrs_1/imports/Downloads/PinoutNexys4.xdc:66]
WARNING: [Vivado 12-584] No ports matched 'an[0]'. [C:/Users/Alain/Desktop/TFG_VF/Vivado/Rede_Perceptron_UART/Rede_Perceptron_UART.srcs/constrs_1/imports/Downloads/PinoutNexys4.xdc:70]
WARNING: [Vivado 12-584] No ports matched 'an[1]'. [C:/Users/Alain/Desktop/TFG_VF/Vivado/Rede_Perceptron_UART/Rede_Perceptron_UART.srcs/constrs_1/imports/Downloads/PinoutNexys4.xdc:71]
WARNING: [Vivado 12-584] No ports matched 'an[2]'. [C:/Users/Alain/Desktop/TFG_VF/Vivado/Rede_Perceptron_UART/Rede_Perceptron_UART.srcs/constrs_1/imports/Downloads/PinoutNexys4.xdc:72]
WARNING: [Vivado 12-584] No ports matched 'an[3]'. [C:/Users/Alain/Desktop/TFG_VF/Vivado/Rede_Perceptron_UART/Rede_Perceptron_UART.srcs/constrs_1/imports/Downloads/PinoutNexys4.xdc:73]
WARNING: [Vivado 12-584] No ports matched 'an[4]'. [C:/Users/Alain/Desktop/TFG_VF/Vivado/Rede_Perceptron_UART/Rede_Perceptron_UART.srcs/constrs_1/imports/Downloads/PinoutNexys4.xdc:74]
WARNING: [Vivado 12-584] No ports matched 'an[5]'. [C:/Users/Alain/Desktop/TFG_VF/Vivado/Rede_Perceptron_UART/Rede_Perceptron_UART.srcs/constrs_1/imports/Downloads/PinoutNexys4.xdc:75]
WARNING: [Vivado 12-584] No ports matched 'an[6]'. [C:/Users/Alain/Desktop/TFG_VF/Vivado/Rede_Perceptron_UART/Rede_Perceptron_UART.srcs/constrs_1/imports/Downloads/PinoutNexys4.xdc:76]
WARNING: [Vivado 12-584] No ports matched 'an[7]'. [C:/Users/Alain/Desktop/TFG_VF/Vivado/Rede_Perceptron_UART/Rede_Perceptron_UART.srcs/constrs_1/imports/Downloads/PinoutNexys4.xdc:77]
WARNING: [Vivado 12-584] No ports matched 'RXD'. [C:/Users/Alain/Desktop/TFG_VF/Vivado/Rede_Perceptron_UART/Rede_Perceptron_UART.srcs/constrs_1/imports/Downloads/PinoutNexys4.xdc:219]
Finished Parsing XDC File [C:/Users/Alain/Desktop/TFG_VF/Vivado/Rede_Perceptron_UART/Rede_Perceptron_UART.srcs/constrs_1/imports/Downloads/PinoutNexys4.xdc]
WARNING: [Project 1-498] One or more constraints failed evaluation while reading constraint file [C:/Users/Alain/Desktop/TFG_VF/Vivado/Rede_Perceptron_UART/Rede_Perceptron_UART.srcs/constrs_1/imports/Downloads/PinoutNexys4.xdc] and the design contains unresolved black boxes. These constraints will be read post-synthesis (as long as their source constraint file is marked as used_in_implementation) and should be applied correctly then. You should review the constraints listed in the file [.Xil/Perceptron_Ud_O_propImpl.xdc] and check the run log file to verify that these constraints were correctly applied.
Completed Processing XDC Constraints

Netlist sorting complete. Time (s): cpu = 00:00:00 ; elapsed = 00:00:00 . Memory (MB): peak = 2419.809 ; gain = 0.000
INFO: [Project 1-111] Unisim Transformation Summary:
No Unisim elements were transformed.

RTL Elaboration Complete:  : Time (s): cpu = 00:00:13 ; elapsed = 00:00:14 . Memory (MB): peak = 2461.465 ; gain = 551.852
23 Infos, 32 Warnings, 0 Critical Warnings and 0 Errors encountered.
synth_design completed successfully
synth_design: Time (s): cpu = 00:00:17 ; elapsed = 00:00:19 . Memory (MB): peak = 2461.465 ; gain = 912.211
exit
INFO: [Common 17-206] Exiting Vivado at Thu Sep  7 03:48:38 2023...
